[debug] [2024-06-11T15:13:00.262Z] ----------------------------------------------------------------------
[debug] [2024-06-11T15:13:00.266Z] Command:       C:\Program Files\nodejs\node.exe C:\Users\neeha_ocab0af\AppData\Roaming\npm\node_modules\firebase-tools\lib\bin\firebase.js init
[debug] [2024-06-11T15:13:00.267Z] CLI Version:   13.7.5
[debug] [2024-06-11T15:13:00.268Z] Platform:      win32
[debug] [2024-06-11T15:13:00.268Z] Node Version:  v20.11.0
[debug] [2024-06-11T15:13:00.268Z] Time:          Tue Jun 11 2024 20:43:00 GMT+0530 (India Standard Time)
[debug] [2024-06-11T15:13:00.268Z] ----------------------------------------------------------------------
[debug] 
[debug] [2024-06-11T15:13:00.382Z] > command requires scopes: ["email","openid","https://www.googleapis.com/auth/cloudplatformprojects.readonly","https://www.googleapis.com/auth/firebase","https://www.googleapis.com/auth/cloud-platform"]
[debug] [2024-06-11T15:13:00.383Z] > authorizing via signed-in user (neeharika.srinivasan@gmail.com)
[info] 
     ######## #### ########  ######## ########     ###     ######  ########
     ##        ##  ##     ## ##       ##     ##  ##   ##  ##       ##
     ######    ##  ########  ######   ########  #########  ######  ######
     ##        ##  ##    ##  ##       ##     ## ##     ##       ## ##
     ##       #### ##     ## ######## ########  ##     ##  ######  ########

You're about to initialize a Firebase project in this directory:

  D:\Neha\React\portfolio

Before we get started, keep in mind:

  * You are initializing within an existing Firebase project directory

[info] 
=== Project Setup
[info] 
[info] First, let's associate this project directory with a Firebase project.
[info] You can create multiple project aliases by running firebase use --add, 
[info] but for now we'll just set up a default project.
[info] 
[debug] [2024-06-11T15:13:10.428Z] Using project from CLI flag: neeharika-portfolio
[debug] [2024-06-11T15:13:10.432Z] >>> [apiv2][query] GET https://firebase.googleapis.com/v1beta1/projects/neeharika-portfolio [none]
[debug] [2024-06-11T15:13:10.884Z] <<< [apiv2][status] GET https://firebase.googleapis.com/v1beta1/projects/neeharika-portfolio 200
[debug] [2024-06-11T15:13:10.884Z] <<< [apiv2][body] GET https://firebase.googleapis.com/v1beta1/projects/neeharika-portfolio {"projectId":"neeharika-portfolio","projectNumber":"269829797790","displayName":"Neeharika-Portfolio","name":"projects/neeharika-portfolio","resources":{"hostingSite":"neeharika-portfolio"},"state":"ACTIVE","etag":"1_df22c6d4-8b8d-4f40-a33c-f360cfadebc5"}
[info] i  Using project neeharika-portfolio (Neeharika-Portfolio) 
[info] 
=== Hosting Setup
[debug] [2024-06-11T15:13:10.933Z] >>> [apiv2][query] GET https://firebase.googleapis.com/v1beta1/projects/neeharika-portfolio [none]
[debug] [2024-06-11T15:13:11.215Z] <<< [apiv2][status] GET https://firebase.googleapis.com/v1beta1/projects/neeharika-portfolio 200
[debug] [2024-06-11T15:13:11.216Z] <<< [apiv2][body] GET https://firebase.googleapis.com/v1beta1/projects/neeharika-portfolio {"projectId":"neeharika-portfolio","projectNumber":"269829797790","displayName":"Neeharika-Portfolio","name":"projects/neeharika-portfolio","resources":{"hostingSite":"neeharika-portfolio"},"state":"ACTIVE","etag":"1_df22c6d4-8b8d-4f40-a33c-f360cfadebc5"}
